0 info it worked if it ends with ok
1 verbose cli [ '/usr/local/bin/node',
1 verbose cli   '/usr/local/bin/npm',
1 verbose cli   'run',
1 verbose cli   'test',
1 verbose cli   '--no-cache' ]
2 info using npm@5.6.0
3 info using node@v8.11.4
4 verbose run-script [ 'pretest', 'test', 'posttest' ]
5 info lifecycle abook-react@0.1.0~pretest: abook-react@0.1.0
6 info lifecycle abook-react@0.1.0~test: abook-react@0.1.0
7 verbose lifecycle abook-react@0.1.0~test: unsafe-perm in lifecycle true
8 verbose lifecycle abook-react@0.1.0~test: PATH: /usr/local/lib/node_modules/npm/node_modules/npm-lifecycle/node-gyp-bin:/Users/harryjames/Documents/MA/GroupProjects/acebook-PingPongAlmonds/frontend/node_modules/.bin:/Users/harryjames/.rvm/gems/ruby-2.5.1/bin:/Users/harryjames/.rvm/gems/ruby-2.5.1@global/bin:/Users/harryjames/.rvm/rubies/ruby-2.5.1/bin:/Users/harryjames/.rvm/bin:/usr/local/opt/mysql@5.7/bin:/Library/Frameworks/Python.framework/Versions/3.6/bin:/Users/harryjames/anaconda/bin:/usr/local/bin:/usr/bin:/bin:/usr/sbin:/sbin:/usr/local/share/dotnet:~/.dotnet/tools:/Library/Frameworks/Mono.framework/Versions/Current/Commands:/Applications/Xamarin Workbooks.app/Contents/SharedSupport/path-bin
9 verbose lifecycle abook-react@0.1.0~test: CWD: /Users/harryjames/Documents/MA/GroupProjects/acebook-PingPongAlmonds/frontend
10 silly lifecycle abook-react@0.1.0~test: Args: [ '-c', 'jest' ]
11 silly lifecycle abook-react@0.1.0~test: Returned: code: 1  signal: null
12 info lifecycle abook-react@0.1.0~test: Failed to exec test script
13 verbose stack Error: abook-react@0.1.0 test: `jest`
13 verbose stack Exit status 1
13 verbose stack     at EventEmitter.<anonymous> (/usr/local/lib/node_modules/npm/node_modules/npm-lifecycle/index.js:285:16)
13 verbose stack     at emitTwo (events.js:126:13)
13 verbose stack     at EventEmitter.emit (events.js:214:7)
13 verbose stack     at ChildProcess.<anonymous> (/usr/local/lib/node_modules/npm/node_modules/npm-lifecycle/lib/spawn.js:55:14)
13 verbose stack     at emitTwo (events.js:126:13)
13 verbose stack     at ChildProcess.emit (events.js:214:7)
13 verbose stack     at maybeClose (internal/child_process.js:925:16)
13 verbose stack     at Process.ChildProcess._handle.onexit (internal/child_process.js:209:5)
14 verbose pkgid abook-react@0.1.0
15 verbose cwd /Users/harryjames/Documents/MA/GroupProjects/acebook-PingPongAlmonds/frontend
16 verbose Darwin 17.3.0
17 verbose argv "/usr/local/bin/node" "/usr/local/bin/npm" "run" "test" "--no-cache"
18 verbose node v8.11.4
19 verbose npm  v5.6.0
20 error code ELIFECYCLE
21 error errno 1
22 error abook-react@0.1.0 test: `jest`
22 error Exit status 1
23 error Failed at the abook-react@0.1.0 test script.
23 error This is probably not a problem with npm. There is likely additional logging output above.
24 verbose exit [ 1, true ]
